Some weights of the model checkpoint at bert-large-uncased were not used when initializing BertModel: ['cls.predictions.decoder.weight', 'cls.seq_relationship.weight', 'cls.predictions.bias', 'cls.predictions.transform.dense.bias', 'cls.predictions.transform.LayerNorm.weight', 'cls.seq_relationship.bias', 'cls.predictions.transform.LayerNorm.bias', 'cls.predictions.transform.dense.weight']
- This IS expected if you are initializing BertModel from the checkpoint of a model trained on another task or with another architecture (e.g. initializing a BertForSequenceClassification model from a BertForPreTraining model).
- This IS NOT expected if you are initializing BertModel from the checkpoint of a model that you expect to be exactly identical (initializing a BertForSequenceClassification model from a BertForSequenceClassification model).
Some weights of the model checkpoint at bert-large-uncased were not used when initializing BertModel: ['cls.predictions.decoder.weight', 'cls.seq_relationship.weight', 'cls.predictions.bias', 'cls.predictions.transform.dense.bias', 'cls.predictions.transform.LayerNorm.weight', 'cls.seq_relationship.bias', 'cls.predictions.transform.LayerNorm.bias', 'cls.predictions.transform.dense.weight']
- This IS expected if you are initializing BertModel from the checkpoint of a model trained on another task or with another architecture (e.g. initializing a BertForSequenceClassification model from a BertForPreTraining model).
- This IS NOT expected if you are initializing BertModel from the checkpoint of a model that you expect to be exactly identical (initializing a BertForSequenceClassification model from a BertForSequenceClassification model).
/home/zje/anaconda3/envs/nlp/lib/python3.6/site-packages/transformers/optimization.py:309: FutureWarning: This implementation of AdamW is deprecated and will be removed in a future version. Use the PyTorch implementation torch.optim.AdamW instead, or set `no_deprecation_warning=True` to disable this warning
  FutureWarning,

  0%|          | 0/110 [00:00<?, ?it/s]
Epoch [0/30]:   0%|          | 0/110 [03:12<?, ?it/s]
Epoch [0/30]:   0%|          | 0/110 [03:12<?, ?it/s, loss=0.699]
Epoch [0/30]:   1%|          | 1/110 [03:12<5:50:14, 192.79s/it, loss=0.699]
Epoch [0/30]:   1%|          | 1/110 [06:18<5:50:14, 192.79s/it, loss=0.699]
Epoch [0/30]:   1%|          | 1/110 [06:18<5:50:14, 192.79s/it, loss=0.606]
Epoch [0/30]:   2%|▏         | 2/110 [06:18<5:39:31, 188.63s/it, loss=0.606]
Epoch [0/30]:   2%|▏         | 2/110 [09:22<5:39:31, 188.63s/it, loss=0.606]
Epoch [0/30]:   2%|▏         | 2/110 [09:22<5:39:31, 188.63s/it, loss=0.591]
Epoch [0/30]:   3%|▎         | 3/110 [09:22<5:32:14, 186.30s/it, loss=0.591]
Epoch [0/30]:   3%|▎         | 3/110 [12:29<5:32:14, 186.30s/it, loss=0.591]
Epoch [0/30]:   3%|▎         | 3/110 [12:29<5:32:14, 186.30s/it, loss=0.601]
Epoch [0/30]:   4%|▎         | 4/110 [12:29<5:29:38, 186.59s/it, loss=0.601]
Epoch [0/30]:   4%|▎         | 4/110 [15:25<5:29:38, 186.59s/it, loss=0.601]
Epoch [0/30]:   4%|▎         | 4/110 [15:25<5:29:38, 186.59s/it, loss=0.562]
Epoch [0/30]:   5%|▍         | 5/110 [15:25<5:19:56, 182.82s/it, loss=0.562]
Epoch [0/30]:   5%|▍         | 5/110 [18:09<5:19:56, 182.82s/it, loss=0.562]
Epoch [0/30]:   5%|▍         | 5/110 [18:09<5:19:56, 182.82s/it, loss=0.635]
Epoch [0/30]:   5%|▌         | 6/110 [18:09<5:05:51, 176.46s/it, loss=0.635]
Epoch [0/30]:   5%|▌         | 6/110 [20:56<5:05:51, 176.46s/it, loss=0.635]
Epoch [0/30]:   5%|▌         | 6/110 [20:56<5:05:51, 176.46s/it, loss=0.608]
Epoch [0/30]:   6%|▋         | 7/110 [20:56<4:57:42, 173.42s/it, loss=0.608]
Epoch [0/30]:   6%|▋         | 7/110 [23:47<4:57:42, 173.42s/it, loss=0.608]
Epoch [0/30]:   6%|▋         | 7/110 [23:47<4:57:42, 173.42s/it, loss=0.59] 
Epoch [0/30]:   7%|▋         | 8/110 [23:47<4:53:20, 172.56s/it, loss=0.59]
Epoch [0/30]:   7%|▋         | 8/110 [26:31<4:53:20, 172.56s/it, loss=0.59]
Epoch [0/30]:   7%|▋         | 8/110 [26:31<4:53:20, 172.56s/it, loss=0.512]
Epoch [0/30]:   8%|▊         | 9/110 [26:31<4:46:13, 170.04s/it, loss=0.512]
Epoch [0/30]:   8%|▊         | 9/110 [29:15<4:46:13, 170.04s/it, loss=0.512]
Epoch [0/30]:   8%|▊         | 9/110 [29:15<4:46:13, 170.04s/it, loss=0.633]
Epoch [0/30]:   9%|▉         | 10/110 [29:15<4:40:04, 168.05s/it, loss=0.633]
Epoch [0/30]:   9%|▉         | 10/110 [32:02<4:40:04, 168.05s/it, loss=0.633]
Epoch [0/30]:   9%|▉         | 10/110 [32:02<4:40:04, 168.05s/it, loss=0.533]
Epoch [0/30]:  10%|█         | 11/110 [32:02<4:37:02, 167.91s/it, loss=0.533]
Epoch [0/30]:  10%|█         | 11/110 [34:50<4:37:02, 167.91s/it, loss=0.533]
Epoch [0/30]:  10%|█         | 11/110 [34:50<4:37:02, 167.91s/it, loss=0.556]
Epoch [0/30]:  11%|█         | 12/110 [34:50<4:34:02, 167.78s/it, loss=0.556]
Epoch [0/30]:  11%|█         | 12/110 [37:34<4:34:02, 167.78s/it, loss=0.556]
Epoch [0/30]:  11%|█         | 12/110 [37:34<4:34:02, 167.78s/it, loss=0.571]
Epoch [0/30]:  12%|█▏        | 13/110 [37:34<4:29:25, 166.65s/it, loss=0.571]
Epoch [0/30]:  12%|█▏        | 13/110 [40:15<4:29:25, 166.65s/it, loss=0.571]
Epoch [0/30]:  12%|█▏        | 13/110 [40:15<4:29:25, 166.65s/it, loss=0.51] 
Epoch [0/30]:  13%|█▎        | 14/110 [40:15<4:24:09, 165.10s/it, loss=0.51]
Epoch [0/30]:  13%|█▎        | 14/110 [43:04<4:24:09, 165.10s/it, loss=0.51]
Epoch [0/30]:  13%|█▎        | 14/110 [43:04<4:24:09, 165.10s/it, loss=0.556]
Epoch [0/30]:  14%|█▎        | 15/110 [43:04<4:22:50, 166.01s/it, loss=0.556]
Epoch [0/30]:  14%|█▎        | 15/110 [45:48<4:22:50, 166.01s/it, loss=0.556]
Epoch [0/30]:  14%|█▎        | 15/110 [45:48<4:22:50, 166.01s/it, loss=0.541]
Epoch [0/30]:  15%|█▍        | 16/110 [45:48<4:19:10, 165.43s/it, loss=0.541]
Epoch [0/30]:  15%|█▍        | 16/110 [48:31<4:19:10, 165.43s/it, loss=0.541]
Epoch [0/30]:  15%|█▍        | 16/110 [48:31<4:19:10, 165.43s/it, loss=0.532]
Epoch [0/30]:  15%|█▌        | 17/110 [48:31<4:15:13, 164.66s/it, loss=0.532]
Epoch [0/30]:  15%|█▌        | 17/110 [51:15<4:15:13, 164.66s/it, loss=0.532]
Epoch [0/30]:  15%|█▌        | 17/110 [51:15<4:15:13, 164.66s/it, loss=0.595]
Epoch [0/30]:  16%|█▋        | 18/110 [51:15<4:12:37, 164.75s/it, loss=0.595]
Epoch [0/30]:  16%|█▋        | 18/110 [53:54<4:12:37, 164.75s/it, loss=0.595]
Epoch [0/30]:  16%|█▋        | 18/110 [53:54<4:12:37, 164.75s/it, loss=0.54] 
Epoch [0/30]:  17%|█▋        | 19/110 [53:54<4:06:52, 162.78s/it, loss=0.54]
Epoch [0/30]:  17%|█▋        | 19/110 [56:32<4:06:52, 162.78s/it, loss=0.54]
Epoch [0/30]:  17%|█▋        | 19/110 [56:32<4:06:52, 162.78s/it, loss=0.54]
Epoch [0/30]:  18%|█▊        | 20/110 [56:32<4:02:00, 161.34s/it, loss=0.54]
Epoch [0/30]:  18%|█▊        | 20/110 [59:12<4:02:00, 161.34s/it, loss=0.54]
Epoch [0/30]:  18%|█▊        | 20/110 [59:12<4:02:00, 161.34s/it, loss=0.556]
Epoch [0/30]:  19%|█▉        | 21/110 [59:12<3:58:43, 160.94s/it, loss=0.556]
Epoch [0/30]:  19%|█▉        | 21/110 [1:02:04<3:58:43, 160.94s/it, loss=0.556]
Epoch [0/30]:  19%|█▉        | 21/110 [1:02:04<3:58:43, 160.94s/it, loss=0.524]
Epoch [0/30]:  20%|██        | 22/110 [1:02:04<4:00:51, 164.22s/it, loss=0.524]
Epoch [0/30]:  20%|██        | 22/110 [1:04:51<4:00:51, 164.22s/it, loss=0.524]
Epoch [0/30]:  20%|██        | 22/110 [1:04:51<4:00:51, 164.22s/it, loss=0.571]
Epoch [0/30]:  21%|██        | 23/110 [1:04:51<3:59:30, 165.18s/it, loss=0.571]
Epoch [0/30]:  21%|██        | 23/110 [1:07:39<3:59:30, 165.18s/it, loss=0.571]
Epoch [0/30]:  21%|██        | 23/110 [1:07:39<3:59:30, 165.18s/it, loss=0.548]
Epoch [0/30]:  22%|██▏       | 24/110 [1:07:39<3:58:04, 166.09s/it, loss=0.548]
Epoch [0/30]:  22%|██▏       | 24/110 [1:10:40<3:58:04, 166.09s/it, loss=0.548]
Epoch [0/30]:  22%|██▏       | 24/110 [1:10:40<3:58:04, 166.09s/it, loss=0.609]
Epoch [0/30]:  23%|██▎       | 25/110 [1:10:40<4:01:30, 170.48s/it, loss=0.609]
Epoch [0/30]:  23%|██▎       | 25/110 [1:13:22<4:01:30, 170.48s/it, loss=0.609]
Epoch [0/30]:  23%|██▎       | 25/110 [1:13:22<4:01:30, 170.48s/it, loss=0.564]
Epoch [0/30]:  24%|██▎       | 26/110 [1:13:22<3:55:12, 168.01s/it, loss=0.564]
Epoch [0/30]:  24%|██▎       | 26/110 [1:16:05<3:55:12, 168.01s/it, loss=0.564]
Epoch [0/30]:  24%|██▎       | 26/110 [1:16:05<3:55:12, 168.01s/it, loss=0.571]
Epoch [0/30]:  25%|██▍       | 27/110 [1:16:05<3:50:10, 166.39s/it, loss=0.571]
Epoch [0/30]:  25%|██▍       | 27/110 [1:18:41<3:50:10, 166.39s/it, loss=0.571]
Epoch [0/30]:  25%|██▍       | 27/110 [1:18:41<3:50:10, 166.39s/it, loss=0.54] 
Epoch [0/30]:  25%|██▌       | 28/110 [1:18:41<3:43:19, 163.41s/it, loss=0.54]
Epoch [0/30]:  25%|██▌       | 28/110 [1:21:25<3:43:19, 163.41s/it, loss=0.54]
Epoch [0/30]:  25%|██▌       | 28/110 [1:21:25<3:43:19, 163.41s/it, loss=0.548]
Epoch [0/30]:  26%|██▋       | 29/110 [1:21:25<3:40:49, 163.57s/it, loss=0.548]
Epoch [0/30]:  26%|██▋       | 29/110 [1:24:07<3:40:49, 163.57s/it, loss=0.548]
Epoch [0/30]:  26%|██▋       | 29/110 [1:24:07<3:40:49, 163.57s/it, loss=0.58] 
Epoch [0/30]:  27%|██▋       | 30/110 [1:24:07<3:37:34, 163.18s/it, loss=0.58]
Epoch [0/30]:  27%|██▋       | 30/110 [1:26:53<3:37:34, 163.18s/it, loss=0.58]
Epoch [0/30]:  27%|██▋       | 30/110 [1:26:53<3:37:34, 163.18s/it, loss=0.563]
Epoch [0/30]:  28%|██▊       | 31/110 [1:26:53<3:35:46, 163.88s/it, loss=0.563]
Epoch [0/30]:  28%|██▊       | 31/110 [1:29:41<3:35:46, 163.88s/it, loss=0.563]
Epoch [0/30]:  28%|██▊       | 31/110 [1:29:41<3:35:46, 163.88s/it, loss=0.555]
Epoch [0/30]:  29%|██▉       | 32/110 [1:29:41<3:34:46, 165.22s/it, loss=0.555]
Epoch [0/30]:  29%|██▉       | 32/110 [1:32:26<3:34:46, 165.22s/it, loss=0.555]
Epoch [0/30]:  29%|██▉       | 32/110 [1:32:26<3:34:46, 165.22s/it, loss=0.533]
Epoch [0/30]:  30%|███       | 33/110 [1:32:26<3:31:48, 165.04s/it, loss=0.533]
Epoch [0/30]:  30%|███       | 33/110 [1:35:11<3:31:48, 165.04s/it, loss=0.533]
Epoch [0/30]:  30%|███       | 33/110 [1:35:11<3:31:48, 165.04s/it, loss=0.556]
Epoch [0/30]:  31%|███       | 34/110 [1:35:11<3:28:58, 164.98s/it, loss=0.556]
Epoch [0/30]:  31%|███       | 34/110 [1:37:59<3:28:58, 164.98s/it, loss=0.556]
Epoch [0/30]:  31%|███       | 34/110 [1:37:59<3:28:58, 164.98s/it, loss=0.577]
Epoch [0/30]:  32%|███▏      | 35/110 [1:37:59<3:27:21, 165.89s/it, loss=0.577]
Epoch [0/30]:  32%|███▏      | 35/110 [1:40:41<3:27:21, 165.89s/it, loss=0.577]
Epoch [0/30]:  32%|███▏      | 35/110 [1:40:41<3:27:21, 165.89s/it, loss=0.634]
Epoch [0/30]:  33%|███▎      | 36/110 [1:40:41<3:23:23, 164.91s/it, loss=0.634]
Epoch [0/30]:  33%|███▎      | 36/110 [1:43:13<3:23:23, 164.91s/it, loss=0.634]
Epoch [0/30]:  33%|███▎      | 36/110 [1:43:13<3:23:23, 164.91s/it, loss=0.532]
Epoch [0/30]:  34%|███▎      | 37/110 [1:43:13<3:15:57, 161.06s/it, loss=0.532]
Epoch [0/30]:  34%|███▎      | 37/110 [1:45:43<3:15:57, 161.06s/it, loss=0.532]
Epoch [0/30]:  34%|███▎      | 37/110 [1:45:43<3:15:57, 161.06s/it, loss=0.556]
Epoch [0/30]:  35%|███▍      | 38/110 [1:45:43<3:09:04, 157.56s/it, loss=0.556]
Epoch [0/30]:  35%|███▍      | 38/110 [1:48:16<3:09:04, 157.56s/it, loss=0.556]
Epoch [0/30]:  35%|███▍      | 38/110 [1:48:16<3:09:04, 157.56s/it, loss=0.588]
Epoch [0/30]:  35%|███▌      | 39/110 [1:48:16<3:04:44, 156.11s/it, loss=0.588]
Epoch [0/30]:  35%|███▌      | 39/110 [1:50:48<3:04:44, 156.11s/it, loss=0.588]
Epoch [0/30]:  35%|███▌      | 39/110 [1:50:48<3:04:44, 156.11s/it, loss=0.555]
Epoch [0/30]:  36%|███▋      | 40/110 [1:50:48<3:00:50, 155.00s/it, loss=0.555]
Epoch [0/30]:  36%|███▋      | 40/110 [1:53:23<3:00:50, 155.00s/it, loss=0.555]
Epoch [0/30]:  36%|███▋      | 40/110 [1:53:23<3:00:50, 155.00s/it, loss=0.549]
Epoch [0/30]:  37%|███▋      | 41/110 [1:53:23<2:58:22, 155.11s/it, loss=0.549]
Epoch [0/30]:  37%|███▋      | 41/110 [1:56:00<2:58:22, 155.11s/it, loss=0.549]
Epoch [0/30]:  37%|███▋      | 41/110 [1:56:00<2:58:22, 155.11s/it, loss=0.533]
Epoch [0/30]:  38%|███▊      | 42/110 [1:56:00<2:56:19, 155.58s/it, loss=0.533]
Epoch [0/30]:  38%|███▊      | 42/110 [1:58:31<2:56:19, 155.58s/it, loss=0.533]
Epoch [0/30]:  38%|███▊      | 42/110 [1:58:31<2:56:19, 155.58s/it, loss=0.594]
Epoch [0/30]:  39%|███▉      | 43/110 [1:58:31<2:52:04, 154.10s/it, loss=0.594]
Epoch [0/30]:  39%|███▉      | 43/110 [2:01:06<2:52:04, 154.10s/it, loss=0.594]
Epoch [0/30]:  39%|███▉      | 43/110 [2:01:06<2:52:04, 154.10s/it, loss=0.494]
Epoch [0/30]:  40%|████      | 44/110 [2:01:06<2:49:57, 154.51s/it, loss=0.494]
Epoch [0/30]:  40%|████      | 44/110 [2:03:42<2:49:57, 154.51s/it, loss=0.494]
Epoch [0/30]:  40%|████      | 44/110 [2:03:42<2:49:57, 154.51s/it, loss=0.626]
Epoch [0/30]:  41%|████      | 45/110 [2:03:42<2:47:56, 155.02s/it, loss=0.626]
Epoch [0/30]:  41%|████      | 45/110 [2:06:15<2:47:56, 155.02s/it, loss=0.626]
Epoch [0/30]:  41%|████      | 45/110 [2:06:15<2:47:56, 155.02s/it, loss=0.525]
Epoch [0/30]:  42%|████▏     | 46/110 [2:06:15<2:44:34, 154.29s/it, loss=0.525]
Epoch [0/30]:  42%|████▏     | 46/110 [2:08:50<2:44:34, 154.29s/it, loss=0.525]
Epoch [0/30]:  42%|████▏     | 46/110 [2:08:50<2:44:34, 154.29s/it, loss=0.595]
Epoch [0/30]:  43%|████▎     | 47/110 [2:08:50<2:42:06, 154.39s/it, loss=0.595]
Epoch [0/30]:  43%|████▎     | 47/110 [2:11:23<2:42:06, 154.39s/it, loss=0.595]
Epoch [0/30]:  43%|████▎     | 47/110 [2:11:23<2:42:06, 154.39s/it, loss=0.564]
Epoch [0/30]:  44%|████▎     | 48/110 [2:11:23<2:39:09, 154.02s/it, loss=0.564]
Epoch [0/30]:  44%|████▎     | 48/110 [2:13:58<2:39:09, 154.02s/it, loss=0.564]
Epoch [0/30]:  44%|████▎     | 48/110 [2:13:58<2:39:09, 154.02s/it, loss=0.509]
Epoch [0/30]:  45%|████▍     | 49/110 [2:13:58<2:36:51, 154.29s/it, loss=0.509]
Epoch [0/30]:  45%|████▍     | 49/110 [2:16:29<2:36:51, 154.29s/it, loss=0.509]
Epoch [0/30]:  45%|████▍     | 49/110 [2:16:29<2:36:51, 154.29s/it, loss=0.571]
Epoch [0/30]:  45%|████▌     | 50/110 [2:16:29<2:33:29, 153.50s/it, loss=0.571]
Epoch [0/30]:  45%|████▌     | 50/110 [2:19:01<2:33:29, 153.50s/it, loss=0.571]
Epoch [0/30]:  45%|████▌     | 50/110 [2:19:01<2:33:29, 153.50s/it, loss=0.595]
Epoch [0/30]:  46%|████▋     | 51/110 [2:19:01<2:30:19, 152.87s/it, loss=0.595]
Epoch [0/30]:  46%|████▋     | 51/110 [2:21:32<2:30:19, 152.87s/it, loss=0.595]
Epoch [0/30]:  46%|████▋     | 51/110 [2:21:32<2:30:19, 152.87s/it, loss=0.587]
Epoch [0/30]:  47%|████▋     | 52/110 [2:21:32<2:27:24, 152.50s/it, loss=0.587]
Epoch [0/30]:  47%|████▋     | 52/110 [2:24:06<2:27:24, 152.50s/it, loss=0.587]
Epoch [0/30]:  47%|████▋     | 52/110 [2:24:06<2:27:24, 152.50s/it, loss=0.539]
Epoch [0/30]:  48%|████▊     | 53/110 [2:24:06<2:25:05, 152.73s/it, loss=0.539]
Epoch [0/30]:  48%|████▊     | 53/110 [2:26:33<2:25:05, 152.73s/it, loss=0.539]
Epoch [0/30]:  48%|████▊     | 53/110 [2:26:33<2:25:05, 152.73s/it, loss=0.602]
Epoch [0/30]:  49%|████▉     | 54/110 [2:26:33<2:21:11, 151.27s/it, loss=0.602]
Epoch [0/30]:  49%|████▉     | 54/110 [2:29:08<2:21:11, 151.27s/it, loss=0.602]
Epoch [0/30]:  49%|████▉     | 54/110 [2:29:08<2:21:11, 151.27s/it, loss=0.632]
Epoch [0/30]:  50%|█████     | 55/110 [2:29:08<2:19:31, 152.21s/it, loss=0.632]
Epoch [0/30]:  50%|█████     | 55/110 [2:31:42<2:19:31, 152.21s/it, loss=0.632]
Epoch [0/30]:  50%|█████     | 55/110 [2:31:42<2:19:31, 152.21s/it, loss=0.595]
Epoch [0/30]:  51%|█████     | 56/110 [2:31:42<2:17:24, 152.67s/it, loss=0.595]
Epoch [0/30]:  51%|█████     | 56/110 [2:34:17<2:17:24, 152.67s/it, loss=0.595]
Epoch [0/30]:  51%|█████     | 56/110 [2:34:17<2:17:24, 152.67s/it, loss=0.54] 
Epoch [0/30]:  52%|█████▏    | 57/110 [2:34:17<2:15:29, 153.38s/it, loss=0.54]
Epoch [0/30]:  52%|█████▏    | 57/110 [2:36:48<2:15:29, 153.38s/it, loss=0.54]
Epoch [0/30]:  52%|█████▏    | 57/110 [2:36:48<2:15:29, 153.38s/it, loss=0.486]
Epoch [0/30]:  53%|█████▎    | 58/110 [2:36:48<2:12:28, 152.85s/it, loss=0.486]
Epoch [0/30]:  53%|█████▎    | 58/110 [2:39:24<2:12:28, 152.85s/it, loss=0.486]
Epoch [0/30]:  53%|█████▎    | 58/110 [2:39:24<2:12:28, 152.85s/it, loss=0.54] 
Epoch [0/30]:  54%|█████▎    | 59/110 [2:39:24<2:10:33, 153.60s/it, loss=0.54]
Epoch [0/30]:  54%|█████▎    | 59/110 [2:42:00<2:10:33, 153.60s/it, loss=0.54]
Epoch [0/30]:  54%|█████▎    | 59/110 [2:42:00<2:10:33, 153.60s/it, loss=0.649]
Epoch [0/30]:  55%|█████▍    | 60/110 [2:42:00<2:08:46, 154.53s/it, loss=0.649]
Epoch [0/30]:  55%|█████▍    | 60/110 [2:44:31<2:08:46, 154.53s/it, loss=0.649]
Epoch [0/30]:  55%|█████▍    | 60/110 [2:44:31<2:08:46, 154.53s/it, loss=0.532]
Epoch [0/30]:  55%|█████▌    | 61/110 [2:44:31<2:05:17, 153.42s/it, loss=0.532]
Epoch [0/30]:  55%|█████▌    | 61/110 [2:47:03<2:05:17, 153.42s/it, loss=0.532]
Epoch [0/30]:  55%|█████▌    | 61/110 [2:47:03<2:05:17, 153.42s/it, loss=0.563]
Epoch [0/30]:  56%|█████▋    | 62/110 [2:47:03<2:02:20, 152.92s/it, loss=0.563]
Epoch [0/30]:  56%|█████▋    | 62/110 [2:49:43<2:02:20, 152.92s/it, loss=0.563]
Epoch [0/30]:  56%|█████▋    | 62/110 [2:49:43<2:02:20, 152.92s/it, loss=0.563]
Epoch [0/30]:  57%|█████▋    | 63/110 [2:49:43<2:01:24, 155.00s/it, loss=0.563]
Epoch [0/30]:  57%|█████▋    | 63/110 [2:52:28<2:01:24, 155.00s/it, loss=0.563]
Epoch [0/30]:  57%|█████▋    | 63/110 [2:52:28<2:01:24, 155.00s/it, loss=0.548]
Epoch [0/30]:  58%|█████▊    | 64/110 [2:52:28<2:01:13, 158.11s/it, loss=0.548]
Epoch [0/30]:  58%|█████▊    | 64/110 [2:55:07<2:01:13, 158.11s/it, loss=0.548]
Epoch [0/30]:  58%|█████▊    | 64/110 [2:55:07<2:01:13, 158.11s/it, loss=0.556]
Epoch [0/30]:  59%|█████▉    | 65/110 [2:55:07<1:58:52, 158.49s/it, loss=0.556]
Epoch [0/30]:  59%|█████▉    | 65/110 [2:57:43<1:58:52, 158.49s/it, loss=0.556]
Epoch [0/30]:  59%|█████▉    | 65/110 [2:57:43<1:58:52, 158.49s/it, loss=0.54] 
Epoch [0/30]:  60%|██████    | 66/110 [2:57:43<1:55:29, 157.50s/it, loss=0.54]
Epoch [0/30]:  60%|██████    | 66/110 [3:00:20<1:55:29, 157.50s/it, loss=0.54]
Epoch [0/30]:  60%|██████    | 66/110 [3:00:20<1:55:29, 157.50s/it, loss=0.571]
Epoch [0/30]:  61%|██████    | 67/110 [3:00:20<1:52:54, 157.56s/it, loss=0.571]
Epoch [0/30]:  61%|██████    | 67/110 [3:02:59<1:52:54, 157.56s/it, loss=0.571]
Epoch [0/30]:  61%|██████    | 67/110 [3:02:59<1:52:54, 157.56s/it, loss=0.548]
Epoch [0/30]:  62%|██████▏   | 68/110 [3:02:59<1:50:32, 157.92s/it, loss=0.548]
Epoch [0/30]:  62%|██████▏   | 68/110 [3:05:42<1:50:32, 157.92s/it, loss=0.548]
Epoch [0/30]:  62%|██████▏   | 68/110 [3:05:42<1:50:32, 157.92s/it, loss=0.532]
Epoch [0/30]:  63%|██████▎   | 69/110 [3:05:42<1:48:51, 159.30s/it, loss=0.532]
Epoch [0/30]:  63%|██████▎   | 69/110 [3:08:21<1:48:51, 159.30s/it, loss=0.532]
Epoch [0/30]:  63%|██████▎   | 69/110 [3:08:21<1:48:51, 159.30s/it, loss=0.524]
Epoch [0/30]:  64%|██████▎   | 70/110 [3:08:21<1:46:09, 159.25s/it, loss=0.524]
Epoch [0/30]:  64%|██████▎   | 70/110 [3:10:59<1:46:09, 159.25s/it, loss=0.524]
Epoch [0/30]:  64%|██████▎   | 70/110 [3:10:59<1:46:09, 159.25s/it, loss=0.532]
Epoch [0/30]:  65%|██████▍   | 71/110 [3:10:59<1:43:21, 159.00s/it, loss=0.532]
Epoch [0/30]:  65%|██████▍   | 71/110 [3:13:44<1:43:21, 159.00s/it, loss=0.532]
Epoch [0/30]:  65%|██████▍   | 71/110 [3:13:44<1:43:21, 159.00s/it, loss=0.548]
Epoch [0/30]:  65%|██████▌   | 72/110 [3:13:44<1:41:50, 160.79s/it, loss=0.548]
Epoch [0/30]:  65%|██████▌   | 72/110 [3:16:31<1:41:50, 160.79s/it, loss=0.548]
Epoch [0/30]:  65%|██████▌   | 72/110 [3:16:31<1:41:50, 160.79s/it, loss=0.532]
Epoch [0/30]:  66%|██████▋   | 73/110 [3:16:31<1:40:17, 162.62s/it, loss=0.532]
Epoch [0/30]:  66%|██████▋   | 73/110 [3:19:09<1:40:17, 162.62s/it, loss=0.532]
Epoch [0/30]:  66%|██████▋   | 73/110 [3:19:09<1:40:17, 162.62s/it, loss=0.548]
Epoch [0/30]:  67%|██████▋   | 74/110 [3:19:09<1:36:42, 161.19s/it, loss=0.548]
Epoch [0/30]:  67%|██████▋   | 74/110 [3:21:53<1:36:42, 161.19s/it, loss=0.548]
Epoch [0/30]:  67%|██████▋   | 74/110 [3:21:53<1:36:42, 161.19s/it, loss=0.61] 
Epoch [0/30]:  68%|██████▊   | 75/110 [3:21:53<1:34:27, 161.92s/it, loss=0.61]
Epoch [0/30]:  68%|██████▊   | 75/110 [3:24:37<1:34:27, 161.92s/it, loss=0.61]
Epoch [0/30]:  68%|██████▊   | 75/110 [3:24:37<1:34:27, 161.92s/it, loss=0.563]
Epoch [0/30]:  69%|██████▉   | 76/110 [3:24:37<1:32:16, 162.83s/it, loss=0.563]
Epoch [0/30]:  69%|██████▉   | 76/110 [3:27:21<1:32:16, 162.83s/it, loss=0.563]
Epoch [0/30]:  69%|██████▉   | 76/110 [3:27:21<1:32:16, 162.83s/it, loss=0.517]
Epoch [0/30]:  70%|███████   | 77/110 [3:27:21<1:29:40, 163.03s/it, loss=0.517]
Epoch [0/30]:  70%|███████   | 77/110 [3:29:56<1:29:40, 163.03s/it, loss=0.517]
Epoch [0/30]:  70%|███████   | 77/110 [3:29:56<1:29:40, 163.03s/it, loss=0.47] 
Epoch [0/30]:  71%|███████   | 78/110 [3:29:56<1:25:36, 160.51s/it, loss=0.47]
Epoch [0/30]:  71%|███████   | 78/110 [3:32:37<1:25:36, 160.51s/it, loss=0.47]
Epoch [0/30]:  71%|███████   | 78/110 [3:32:37<1:25:36, 160.51s/it, loss=0.556]
Epoch [0/30]:  72%|███████▏  | 79/110 [3:32:37<1:23:01, 160.70s/it, loss=0.556]
Epoch [0/30]:  72%|███████▏  | 79/110 [3:35:18<1:23:01, 160.70s/it, loss=0.556]
Epoch [0/30]:  72%|███████▏  | 79/110 [3:35:18<1:23:01, 160.70s/it, loss=0.579]
Epoch [0/30]:  73%|███████▎  | 80/110 [3:35:18<1:20:22, 160.76s/it, loss=0.579]
Epoch [0/30]:  73%|███████▎  | 80/110 [3:37:56<1:20:22, 160.76s/it, loss=0.579]
Epoch [0/30]:  73%|███████▎  | 80/110 [3:37:56<1:20:22, 160.76s/it, loss=0.548]
Epoch [0/30]:  74%|███████▎  | 81/110 [3:37:56<1:17:25, 160.18s/it, loss=0.548]
Epoch [0/30]:  74%|███████▎  | 81/110 [3:40:40<1:17:25, 160.18s/it, loss=0.548]
Epoch [0/30]:  74%|███████▎  | 81/110 [3:40:40<1:17:25, 160.18s/it, loss=0.571]
Epoch [0/30]:  75%|███████▍  | 82/110 [3:40:40<1:15:15, 161.27s/it, loss=0.571]
Epoch [0/30]:  75%|███████▍  | 82/110 [3:43:27<1:15:15, 161.27s/it, loss=0.571]
Epoch [0/30]:  75%|███████▍  | 82/110 [3:43:27<1:15:15, 161.27s/it, loss=0.525]
Epoch [0/30]:  75%|███████▌  | 83/110 [3:43:27<1:13:18, 162.90s/it, loss=0.525]
Epoch [0/30]:  75%|███████▌  | 83/110 [3:46:16<1:13:18, 162.90s/it, loss=0.525]
Epoch [0/30]:  75%|███████▌  | 83/110 [3:46:16<1:13:18, 162.90s/it, loss=0.563]
Epoch [0/30]:  76%|███████▋  | 84/110 [3:46:16<1:11:25, 164.81s/it, loss=0.563]
Epoch [0/30]:  76%|███████▋  | 84/110 [3:48:56<1:11:25, 164.81s/it, loss=0.563]
Epoch [0/30]:  76%|███████▋  | 84/110 [3:48:56<1:11:25, 164.81s/it, loss=0.618]
Epoch [0/30]:  77%|███████▋  | 85/110 [3:48:56<1:08:02, 163.28s/it, loss=0.618]
Epoch [0/30]:  77%|███████▋  | 85/110 [3:51:40<1:08:02, 163.28s/it, loss=0.618]
Epoch [0/30]:  77%|███████▋  | 85/110 [3:51:40<1:08:02, 163.28s/it, loss=0.595]
Epoch [0/30]:  78%|███████▊  | 86/110 [3:51:40<1:05:20, 163.36s/it, loss=0.595]
Epoch [0/30]:  78%|███████▊  | 86/110 [3:54:26<1:05:20, 163.36s/it, loss=0.595]
Epoch [0/30]:  78%|███████▊  | 86/110 [3:54:26<1:05:20, 163.36s/it, loss=0.548]
Epoch [0/30]:  79%|███████▉  | 87/110 [3:54:26<1:03:01, 164.42s/it, loss=0.548]
Epoch [0/30]:  79%|███████▉  | 87/110 [3:57:11<1:03:01, 164.42s/it, loss=0.548]
Epoch [0/30]:  79%|███████▉  | 87/110 [3:57:11<1:03:01, 164.42s/it, loss=0.642]
Epoch [0/30]:  80%|████████  | 88/110 [3:57:11<1:00:15, 164.32s/it, loss=0.642]
Epoch [0/30]:  80%|████████  | 88/110 [3:59:52<1:00:15, 164.32s/it, loss=0.642]
Epoch [0/30]:  80%|████████  | 88/110 [3:59:52<1:00:15, 164.32s/it, loss=0.509]
Epoch [0/30]:  81%|████████  | 89/110 [3:59:52<57:14, 163.56s/it, loss=0.509]  
Epoch [0/30]:  81%|████████  | 89/110 [4:02:35<57:14, 163.56s/it, loss=0.509]
Epoch [0/30]:  81%|████████  | 89/110 [4:02:35<57:14, 163.56s/it, loss=0.54] 
Epoch [0/30]:  82%|████████▏ | 90/110 [4:02:35<54:27, 163.37s/it, loss=0.54]
Epoch [0/30]:  82%|████████▏ | 90/110 [4:05:22<54:27, 163.37s/it, loss=0.54]
Epoch [0/30]:  82%|████████▏ | 90/110 [4:05:22<54:27, 163.37s/it, loss=0.516]
Epoch [0/30]:  83%|████████▎ | 91/110 [4:05:22<52:00, 164.26s/it, loss=0.516]
Epoch [0/30]:  83%|████████▎ | 91/110 [4:08:08<52:00, 164.26s/it, loss=0.516]
Epoch [0/30]:  83%|████████▎ | 91/110 [4:08:08<52:00, 164.26s/it, loss=0.548]
Epoch [0/30]:  84%|████████▎ | 92/110 [4:08:08<49:27, 164.89s/it, loss=0.548]
Epoch [0/30]:  84%|████████▎ | 92/110 [4:10:50<49:27, 164.89s/it, loss=0.548]
Epoch [0/30]:  84%|████████▎ | 92/110 [4:10:50<49:27, 164.89s/it, loss=0.509]
Epoch [0/30]:  85%|████████▍ | 93/110 [4:10:50<46:31, 164.18s/it, loss=0.509]
Epoch [0/30]:  85%|████████▍ | 93/110 [4:13:33<46:31, 164.18s/it, loss=0.509]
Epoch [0/30]:  85%|████████▍ | 93/110 [4:13:33<46:31, 164.18s/it, loss=0.524]
Epoch [0/30]:  85%|████████▌ | 94/110 [4:13:33<43:39, 163.75s/it, loss=0.524]
Epoch [0/30]:  85%|████████▌ | 94/110 [4:16:16<43:39, 163.75s/it, loss=0.524]
Epoch [0/30]:  85%|████████▌ | 94/110 [4:16:16<43:39, 163.75s/it, loss=0.586]
Epoch [0/30]:  86%|████████▋ | 95/110 [4:16:16<40:53, 163.56s/it, loss=0.586]
Epoch [0/30]:  86%|████████▋ | 95/110 [4:19:02<40:53, 163.56s/it, loss=0.586]
Epoch [0/30]:  86%|████████▋ | 95/110 [4:19:02<40:53, 163.56s/it, loss=0.563]
Epoch [0/30]:  87%|████████▋ | 96/110 [4:19:02<38:17, 164.10s/it, loss=0.563]
Epoch [0/30]:  87%|████████▋ | 96/110 [4:21:40<38:17, 164.10s/it, loss=0.563]
Epoch [0/30]:  87%|████████▋ | 96/110 [4:21:40<38:17, 164.10s/it, loss=0.564]
Epoch [0/30]:  88%|████████▊ | 97/110 [4:21:40<35:10, 162.34s/it, loss=0.564]
Epoch [0/30]:  88%|████████▊ | 97/110 [4:24:25<35:10, 162.34s/it, loss=0.564]
Epoch [0/30]:  88%|████████▊ | 97/110 [4:24:25<35:10, 162.34s/it, loss=0.633]
Epoch [0/30]:  89%|████████▉ | 98/110 [4:24:25<32:36, 163.07s/it, loss=0.633]
Epoch [0/30]:  89%|████████▉ | 98/110 [4:27:11<32:36, 163.07s/it, loss=0.633]
Epoch [0/30]:  89%|████████▉ | 98/110 [4:27:11<32:36, 163.07s/it, loss=0.602]
Epoch [0/30]:  90%|█████████ | 99/110 [4:27:11<30:05, 164.18s/it, loss=0.602]
Epoch [0/30]:  90%|█████████ | 99/110 [4:29:57<30:05, 164.18s/it, loss=0.602]
Epoch [0/30]:  90%|█████████ | 99/110 [4:29:57<30:05, 164.18s/it, loss=0.493]
Epoch [0/30]:  91%|█████████ | 100/110 [4:29:57<27:25, 164.56s/it, loss=0.493]
Epoch [0/30]:  91%|█████████ | 100/110 [4:32:35<27:25, 164.56s/it, loss=0.493]
Epoch [0/30]:  91%|█████████ | 100/110 [4:32:35<27:25, 164.56s/it, loss=0.595]
Epoch [0/30]:  92%|█████████▏| 101/110 [4:32:35<24:24, 162.76s/it, loss=0.595]
Epoch [0/30]:  92%|█████████▏| 101/110 [4:35:23<24:24, 162.76s/it, loss=0.595]
Epoch [0/30]:  92%|█████████▏| 101/110 [4:35:23<24:24, 162.76s/it, loss=0.508]
Epoch [0/30]:  93%|█████████▎| 102/110 [4:35:23<21:52, 164.05s/it, loss=0.508]
Epoch [0/30]:  93%|█████████▎| 102/110 [4:38:10<21:52, 164.05s/it, loss=0.508]
Epoch [0/30]:  93%|█████████▎| 102/110 [4:38:10<21:52, 164.05s/it, loss=0.617]
Epoch [0/30]:  94%|█████████▎| 103/110 [4:38:10<19:15, 165.01s/it, loss=0.617]
Epoch [0/30]:  94%|█████████▎| 103/110 [4:40:56<19:15, 165.01s/it, loss=0.617]
Epoch [0/30]:  94%|█████████▎| 103/110 [4:40:56<19:15, 165.01s/it, loss=0.602]
Epoch [0/30]:  95%|█████████▍| 104/110 [4:40:56<16:31, 165.28s/it, loss=0.602]
Epoch [0/30]:  95%|█████████▍| 104/110 [4:43:41<16:31, 165.28s/it, loss=0.602]
Epoch [0/30]:  95%|█████████▍| 104/110 [4:43:41<16:31, 165.28s/it, loss=0.579]
Epoch [0/30]:  95%|█████████▌| 105/110 [4:43:41<13:46, 165.28s/it, loss=0.579]
Epoch [0/30]:  95%|█████████▌| 105/110 [4:46:30<13:46, 165.28s/it, loss=0.579]
Epoch [0/30]:  95%|█████████▌| 105/110 [4:46:30<13:46, 165.28s/it, loss=0.477]
Epoch [0/30]:  96%|█████████▋| 106/110 [4:46:30<11:05, 166.28s/it, loss=0.477]
Epoch [0/30]:  96%|█████████▋| 106/110 [4:49:16<11:05, 166.28s/it, loss=0.477]
Epoch [0/30]:  96%|█████████▋| 106/110 [4:49:16<11:05, 166.28s/it, loss=0.587]
Epoch [0/30]:  97%|█████████▋| 107/110 [4:49:16<08:18, 166.28s/it, loss=0.587]
Epoch [0/30]:  97%|█████████▋| 107/110 [4:52:05<08:18, 166.28s/it, loss=0.587]
Epoch [0/30]:  97%|█████████▋| 107/110 [4:52:05<08:18, 166.28s/it, loss=0.602]
Epoch [0/30]:  98%|█████████▊| 108/110 [4:52:05<05:34, 167.17s/it, loss=0.602]
Epoch [0/30]:  98%|█████████▊| 108/110 [4:54:59<05:34, 167.17s/it, loss=0.602]
Epoch [0/30]:  98%|█████████▊| 108/110 [4:54:59<05:34, 167.17s/it, loss=0.532]
Epoch [0/30]:  99%|█████████▉| 109/110 [4:54:59<02:49, 169.10s/it, loss=0.532]
Epoch [0/30]:  99%|█████████▉| 109/110 [4:55:24<02:49, 169.10s/it, loss=0.532]
Epoch [0/30]:  99%|█████████▉| 109/110 [4:55:24<02:49, 169.10s/it, loss=0.315]
Epoch [0/30]: 100%|██████████| 110/110 [4:55:24<00:00, 125.99s/it, loss=0.315]
Epoch [0/30]: 100%|██████████| 110/110 [4:55:24<00:00, 161.13s/it, loss=0.315]
Acc:0.4609375
Acc:0.671875
Acc:0.78125
Acc:0.7734375
Acc:0.7578125
Acc:0.75
Acc:0.75
Acc:0.6796875
Acc:0.765625
Acc:0.7890625
Acc:0.71875
Acc:0.71875
Acc:0.78125
Acc:0.7734375
Acc:0.78125
Acc:0.75
Acc:0.765625
Acc:0.71875
Acc:0.796875
Acc:0.75
Acc:0.71875
Acc:0.8359375
Epochs 0,  Test ACC: 0.7516372795969773

  0%|          | 0/110 [00:00<?, ?it/s]
Epoch [1/30]:   0%|          | 0/110 [02:30<?, ?it/s]
Epoch [1/30]:   0%|          | 0/110 [02:30<?, ?it/s, loss=0.556]
Epoch [1/30]:   1%|          | 1/110 [02:30<4:32:58, 150.26s/it, loss=0.556]
Epoch [1/30]:   1%|          | 1/110 [05:02<4:32:58, 150.26s/it, loss=0.556]
Epoch [1/30]:   1%|          | 1/110 [05:02<4:32:58, 150.26s/it, loss=0.564]
Epoch [1/30]:   2%|▏         | 2/110 [05:02<4:33:01, 151.68s/it, loss=0.564]
Epoch [1/30]:   2%|▏         | 2/110 [07:32<4:33:01, 151.68s/it, loss=0.564]
Epoch [1/30]:   2%|▏         | 2/110 [07:32<4:33:01, 151.68s/it, loss=0.555]
Epoch [1/30]:   3%|▎         | 3/110 [07:32<4:29:01, 150.86s/it, loss=0.555]
Epoch [1/30]:   3%|▎         | 3/110 [10:02<4:29:01, 150.86s/it, loss=0.555]
Epoch [1/30]:   3%|▎         | 3/110 [10:02<4:29:01, 150.86s/it, loss=0.493]
Epoch [1/30]:   4%|▎         | 4/110 [10:02<4:25:25, 150.24s/it, loss=0.493]
Epoch [1/30]:   4%|▎         | 4/110 [12:32<4:25:25, 150.24s/it, loss=0.493]
Epoch [1/30]:   4%|▎         | 4/110 [12:32<4:25:25, 150.24s/it, loss=0.594]
Epoch [1/30]:   5%|▍         | 5/110 [12:32<4:23:11, 150.40s/it, loss=0.594]
Epoch [1/30]:   5%|▍         | 5/110 [15:04<4:23:11, 150.40s/it, loss=0.594]
Epoch [1/30]:   5%|▍         | 5/110 [15:04<4:23:11, 150.40s/it, loss=0.61] 
Epoch [1/30]:   5%|▌         | 6/110 [15:04<4:21:28, 150.85s/it, loss=0.61]
Epoch [1/30]:   5%|▌         | 6/110 [17:34<4:21:28, 150.85s/it, loss=0.61]
Epoch [1/30]:   5%|▌         | 6/110 [17:34<4:21:28, 150.85s/it, loss=0.579]
Epoch [1/30]:   6%|▋         | 7/110 [17:34<4:18:19, 150.48s/it, loss=0.579]
Epoch [1/30]:   6%|▋         | 7/110 [20:03<4:18:19, 150.48s/it, loss=0.579]
Epoch [1/30]:   6%|▋         | 7/110 [20:03<4:18:19, 150.48s/it, loss=0.541]
Epoch [1/30]:   7%|▋         | 8/110 [20:03<4:15:22, 150.22s/it, loss=0.541]
Epoch [1/30]:   7%|▋         | 8/110 [22:33<4:15:22, 150.22s/it, loss=0.541]
Epoch [1/30]:   7%|▋         | 8/110 [22:33<4:15:22, 150.22s/it, loss=0.524]
Epoch [1/30]:   8%|▊         | 9/110 [22:33<4:12:34, 150.04s/it, loss=0.524]
Epoch [1/30]:   8%|▊         | 9/110 [25:03<4:12:34, 150.04s/it, loss=0.524]
Epoch [1/30]:   8%|▊         | 9/110 [25:03<4:12:34, 150.04s/it, loss=0.625]
Epoch [1/30]:   9%|▉         | 10/110 [25:03<4:10:10, 150.10s/it, loss=0.625]
Epoch [1/30]:   9%|▉         | 10/110 [27:32<4:10:10, 150.10s/it, loss=0.625]
Epoch [1/30]:   9%|▉         | 10/110 [27:32<4:10:10, 150.10s/it, loss=0.516]
Epoch [1/30]:  10%|█         | 11/110 [27:32<4:07:07, 149.77s/it, loss=0.516]
Epoch [1/30]:  10%|█         | 11/110 [30:01<4:07:07, 149.77s/it, loss=0.516]
Epoch [1/30]:  10%|█         | 11/110 [30:01<4:07:07, 149.77s/it, loss=0.532]
Epoch [1/30]:  11%|█         | 12/110 [30:01<4:04:17, 149.57s/it, loss=0.532]
Epoch [1/30]:  11%|█         | 12/110 [32:30<4:04:17, 149.57s/it, loss=0.532]
Epoch [1/30]:  11%|█         | 12/110 [32:30<4:04:17, 149.57s/it, loss=0.532]
Epoch [1/30]:  12%|█▏        | 13/110 [32:30<4:01:09, 149.17s/it, loss=0.532]
Epoch [1/30]:  12%|█▏        | 13/110 [35:02<4:01:09, 149.17s/it, loss=0.532]
Epoch [1/30]:  12%|█▏        | 13/110 [35:02<4:01:09, 149.17s/it, loss=0.548]
Epoch [1/30]:  13%|█▎        | 14/110 [35:02<4:00:09, 150.10s/it, loss=0.548]
Epoch [1/30]:  13%|█▎        | 14/110 [37:32<4:00:09, 150.10s/it, loss=0.548]
Epoch [1/30]:  13%|█▎        | 14/110 [37:32<4:00:09, 150.10s/it, loss=0.563]
Epoch [1/30]:  14%|█▎        | 15/110 [37:32<3:57:30, 150.00s/it, loss=0.563]
Epoch [1/30]:  14%|█▎        | 15/110 [40:06<3:57:30, 150.00s/it, loss=0.563]
Epoch [1/30]:  14%|█▎        | 15/110 [40:06<3:57:30, 150.00s/it, loss=0.571]
Epoch [1/30]:  15%|█▍        | 16/110 [40:06<3:56:54, 151.22s/it, loss=0.571]
Epoch [1/30]:  15%|█▍        | 16/110 [42:41<3:56:54, 151.22s/it, loss=0.571]
Epoch [1/30]:  15%|█▍        | 16/110 [42:41<3:56:54, 151.22s/it, loss=0.509]
Epoch [1/30]:  15%|█▌        | 17/110 [42:41<3:56:23, 152.51s/it, loss=0.509]
Epoch [1/30]:  15%|█▌        | 17/110 [45:16<3:56:23, 152.51s/it, loss=0.509]
Epoch [1/30]:  15%|█▌        | 17/110 [45:16<3:56:23, 152.51s/it, loss=0.54] 
Epoch [1/30]:  16%|█▋        | 18/110 [45:16<3:54:58, 153.25s/it, loss=0.54]
Epoch [1/30]:  16%|█▋        | 18/110 [47:46<3:54:58, 153.25s/it, loss=0.54]
Epoch [1/30]:  16%|█▋        | 18/110 [47:46<3:54:58, 153.25s/it, loss=0.579]
Epoch [1/30]:  17%|█▋        | 19/110 [47:46<3:50:58, 152.29s/it, loss=0.579]
Epoch [1/30]:  17%|█▋        | 19/110 [50:14<3:50:58, 152.29s/it, loss=0.579]
Epoch [1/30]:  17%|█▋        | 19/110 [50:14<3:50:58, 152.29s/it, loss=0.516]
Epoch [1/30]:  18%|█▊        | 20/110 [50:14<3:46:21, 150.90s/it, loss=0.516]
Epoch [1/30]:  18%|█▊        | 20/110 [52:47<3:46:21, 150.90s/it, loss=0.516]
Epoch [1/30]:  18%|█▊        | 20/110 [52:47<3:46:21, 150.90s/it, loss=0.579]
Epoch [1/30]:  19%|█▉        | 21/110 [52:47<3:44:39, 151.46s/it, loss=0.579]
Epoch [1/30]:  19%|█▉        | 21/110 [55:18<3:44:39, 151.46s/it, loss=0.579]
Epoch [1/30]:  19%|█▉        | 21/110 [55:18<3:44:39, 151.46s/it, loss=0.571]
Epoch [1/30]:  20%|██        | 22/110 [55:18<3:42:04, 151.41s/it, loss=0.571]
Epoch [1/30]:  20%|██        | 22/110 [57:50<3:42:04, 151.41s/it, loss=0.571]
Epoch [1/30]:  20%|██        | 22/110 [57:50<3:42:04, 151.41s/it, loss=0.601]
Epoch [1/30]:  21%|██        | 23/110 [57:50<3:39:47, 151.58s/it, loss=0.601]
Epoch [1/30]:  21%|██        | 23/110 [1:00:20<3:39:47, 151.58s/it, loss=0.601]
Epoch [1/30]:  21%|██        | 23/110 [1:00:20<3:39:47, 151.58s/it, loss=0.564]
Epoch [1/30]:  22%|██▏       | 24/110 [1:00:20<3:36:38, 151.14s/it, loss=0.564]
Epoch [1/30]:  22%|██▏       | 24/110 [1:02:54<3:36:38, 151.14s/it, loss=0.564]
Epoch [1/30]:  22%|██▏       | 24/110 [1:02:54<3:36:38, 151.14s/it, loss=0.555]
Epoch [1/30]:  23%|██▎       | 25/110 [1:02:54<3:35:18, 151.98s/it, loss=0.555]
Epoch [1/30]:  23%|██▎       | 25/110 [1:05:28<3:35:18, 151.98s/it, loss=0.555]
Epoch [1/30]:  23%|██▎       | 25/110 [1:05:28<3:35:18, 151.98s/it, loss=0.509]
Epoch [1/30]:  24%|██▎       | 26/110 [1:05:28<3:33:33, 152.54s/it, loss=0.509]
Epoch [1/30]:  24%|██▎       | 26/110 [1:08:04<3:33:33, 152.54s/it, loss=0.509]
Epoch [1/30]:  24%|██▎       | 26/110 [1:08:04<3:33:33, 152.54s/it, loss=0.594]
Epoch [1/30]:  25%|██▍       | 27/110 [1:08:04<3:32:27, 153.58s/it, loss=0.594]
Epoch [1/30]:  25%|██▍       | 27/110 [1:10:32<3:32:27, 153.58s/it, loss=0.594]
Epoch [1/30]:  25%|██▍       | 27/110 [1:10:32<3:32:27, 153.58s/it, loss=0.579]
Epoch [1/30]:  25%|██▌       | 28/110 [1:10:32<3:27:49, 152.07s/it, loss=0.579]
Epoch [1/30]:  25%|██▌       | 28/110 [1:13:04<3:27:49, 152.07s/it, loss=0.579]
Epoch [1/30]:  25%|██▌       | 28/110 [1:13:04<3:27:49, 152.07s/it, loss=0.524]
Epoch [1/30]:  26%|██▋       | 29/110 [1:13:04<3:25:15, 152.04s/it, loss=0.524]
Epoch [1/30]:  26%|██▋       | 29/110 [1:15:38<3:25:15, 152.04s/it, loss=0.524]
Epoch [1/30]:  26%|██▋       | 29/110 [1:15:38<3:25:15, 152.04s/it, loss=0.595]
Epoch [1/30]:  27%|██▋       | 30/110 [1:15:38<3:23:10, 152.38s/it, loss=0.595]
Epoch [1/30]:  27%|██▋       | 30/110 [1:18:15<3:23:10, 152.38s/it, loss=0.595]
Epoch [1/30]:  27%|██▋       | 30/110 [1:18:15<3:23:10, 152.38s/it, loss=0.532]
Epoch [1/30]:  28%|██▊       | 31/110 [1:18:15<3:22:32, 153.83s/it, loss=0.532]
Epoch [1/30]:  28%|██▊       | 31/110 [1:20:47<3:22:32, 153.83s/it, loss=0.532]
Epoch [1/30]:  28%|██▊       | 31/110 [1:20:47<3:22:32, 153.83s/it, loss=0.524]
Epoch [1/30]:  29%|██▉       | 32/110 [1:20:47<3:19:17, 153.30s/it, loss=0.524]
Epoch [1/30]:  29%|██▉       | 32/110 [1:23:15<3:19:17, 153.30s/it, loss=0.524]
Epoch [1/30]:  29%|██▉       | 32/110 [1:23:15<3:19:17, 153.30s/it, loss=0.579]
Epoch [1/30]:  30%|███       | 33/110 [1:23:15<3:14:42, 151.73s/it, loss=0.579]
Epoch [1/30]:  30%|███       | 33/110 [1:25:50<3:14:42, 151.73s/it, loss=0.579]
Epoch [1/30]:  30%|███       | 33/110 [1:25:50<3:14:42, 151.73s/it, loss=0.571]
Epoch [1/30]:  31%|███       | 34/110 [1:25:50<3:13:21, 152.66s/it, loss=0.571]
Epoch [1/30]:  31%|███       | 34/110 [1:28:28<3:13:21, 152.66s/it, loss=0.571]
Epoch [1/30]:  31%|███       | 34/110 [1:28:28<3:13:21, 152.66s/it, loss=0.609]
Epoch [1/30]:  32%|███▏      | 35/110 [1:28:28<3:13:00, 154.41s/it, loss=0.609]
Epoch [1/30]:  32%|███▏      | 35/110 [1:30:59<3:13:00, 154.41s/it, loss=0.609]
Epoch [1/30]:  32%|███▏      | 35/110 [1:30:59<3:13:00, 154.41s/it, loss=0.571]
Epoch [1/30]:  33%|███▎      | 36/110 [1:30:59<3:09:09, 153.38s/it, loss=0.571]
Epoch [1/30]:  33%|███▎      | 36/110 [1:33:31<3:09:09, 153.38s/it, loss=0.571]
Epoch [1/30]:  33%|███▎      | 36/110 [1:33:31<3:09:09, 153.38s/it, loss=0.634]
Epoch [1/30]:  34%|███▎      | 37/110 [1:33:31<3:05:52, 152.78s/it, loss=0.634]
Epoch [1/30]:  34%|███▎      | 37/110 [1:36:02<3:05:52, 152.78s/it, loss=0.634]
Epoch [1/30]:  34%|███▎      | 37/110 [1:36:02<3:05:52, 152.78s/it, loss=0.532]
Epoch [1/30]:  35%|███▍      | 38/110 [1:36:02<3:02:51, 152.38s/it, loss=0.532]
Epoch [1/30]:  35%|███▍      | 38/110 [1:38:32<3:02:51, 152.38s/it, loss=0.532]
Epoch [1/30]:  35%|███▍      | 38/110 [1:38:32<3:02:51, 152.38s/it, loss=0.602]
Epoch [1/30]:  35%|███▌      | 39/110 [1:38:32<2:59:26, 151.65s/it, loss=0.602]
Epoch [1/30]:  35%|███▌      | 39/110 [1:41:05<2:59:26, 151.65s/it, loss=0.602]
Epoch [1/30]:  35%|███▌      | 39/110 [1:41:05<2:59:26, 151.65s/it, loss=0.579]
Epoch [1/30]:  36%|███▋      | 40/110 [1:41:05<2:57:16, 151.95s/it, loss=0.579]
Epoch [1/30]:  36%|███▋      | 40/110 [1:43:43<2:57:16, 151.95s/it, loss=0.579]
Epoch [1/30]:  36%|███▋      | 40/110 [1:43:43<2:57:16, 151.95s/it, loss=0.524]
Epoch [1/30]:  37%|███▋      | 41/110 [1:43:43<2:56:56, 153.87s/it, loss=0.524]
Epoch [1/30]:  37%|███▋      | 41/110 [1:46:32<2:56:56, 153.87s/it, loss=0.524]
Epoch [1/30]:  37%|███▋      | 41/110 [1:46:32<2:56:56, 153.87s/it, loss=0.601]
Epoch [1/30]:  38%|███▊      | 42/110 [1:46:32<2:59:24, 158.30s/it, loss=0.601]
Epoch [1/30]:  38%|███▊      | 42/110 [1:49:19<2:59:24, 158.30s/it, loss=0.601]
Epoch [1/30]:  38%|███▊      | 42/110 [1:49:19<2:59:24, 158.30s/it, loss=0.649]
Epoch [1/30]:  39%|███▉      | 43/110 [1:49:19<2:59:46, 160.99s/it, loss=0.649]
Epoch [1/30]:  39%|███▉      | 43/110 [1:52:00<2:59:46, 160.99s/it, loss=0.649]
Epoch [1/30]:  39%|███▉      | 43/110 [1:52:00<2:59:46, 160.99s/it, loss=0.509]
Epoch [1/30]:  40%|████      | 44/110 [1:52:00<2:57:10, 161.07s/it, loss=0.509]
Epoch [1/30]:  40%|████      | 44/110 [1:54:39<2:57:10, 161.07s/it, loss=0.509]
Epoch [1/30]:  40%|████      | 44/110 [1:54:39<2:57:10, 161.07s/it, loss=0.579]
Epoch [1/30]:  41%|████      | 45/110 [1:54:39<2:53:54, 160.52s/it, loss=0.579]
Epoch [1/30]:  41%|████      | 45/110 [1:57:01<2:53:54, 160.52s/it, loss=0.579]
Epoch [1/30]:  41%|████      | 45/110 [1:57:01<2:53:54, 160.52s/it, loss=0.517]
Epoch [1/30]:  42%|████▏     | 46/110 [1:57:01<2:45:14, 154.92s/it, loss=0.517]
Epoch [1/30]:  42%|████▏     | 46/110 [1:59:24<2:45:14, 154.92s/it, loss=0.517]
Epoch [1/30]:  42%|████▏     | 46/110 [1:59:24<2:45:14, 154.92s/it, loss=0.501]
Epoch [1/30]:  43%|████▎     | 47/110 [1:59:24<2:38:48, 151.24s/it, loss=0.501]
Epoch [1/30]:  43%|████▎     | 47/110 [2:01:54<2:38:48, 151.24s/it, loss=0.501]
Epoch [1/30]:  43%|████▎     | 47/110 [2:01:54<2:38:48, 151.24s/it, loss=0.563]
Epoch [1/30]:  44%|████▎     | 48/110 [2:01:54<2:36:00, 150.98s/it, loss=0.563]
Epoch [1/30]:  44%|████▎     | 48/110 [2:04:29<2:36:00, 150.98s/it, loss=0.563]
Epoch [1/30]:  44%|████▎     | 48/110 [2:04:29<2:36:00, 150.98s/it, loss=0.509]
Epoch [1/30]:  45%|████▍     | 49/110 [2:04:29<2:34:30, 151.98s/it, loss=0.509]
Epoch [1/30]:  45%|████▍     | 49/110 [2:07:08<2:34:30, 151.98s/it, loss=0.509]
Epoch [1/30]:  45%|████▍     | 49/110 [2:07:08<2:34:30, 151.98s/it, loss=0.563]
Epoch [1/30]:  45%|████▌     | 50/110 [2:07:08<2:34:14, 154.24s/it, loss=0.563]
Epoch [1/30]:  45%|████▌     | 50/110 [2:09:36<2:34:14, 154.24s/it, loss=0.563]
Epoch [1/30]:  45%|████▌     | 50/110 [2:09:36<2:34:14, 154.24s/it, loss=0.602]
Epoch [1/30]:  46%|████▋     | 51/110 [2:09:36<2:29:43, 152.26s/it, loss=0.602]
Epoch [1/30]:  46%|████▋     | 51/110 [2:12:13<2:29:43, 152.26s/it, loss=0.602]
Epoch [1/30]:  46%|████▋     | 51/110 [2:12:13<2:29:43, 152.26s/it, loss=0.587]
Epoch [1/30]:  47%|████▋     | 52/110 [2:12:13<2:28:43, 153.85s/it, loss=0.587]
Epoch [1/30]:  47%|████▋     | 52/110 [2:15:01<2:28:43, 153.85s/it, loss=0.587]
Epoch [1/30]:  47%|████▋     | 52/110 [2:15:01<2:28:43, 153.85s/it, loss=0.625]
Epoch [1/30]:  48%|████▊     | 53/110 [2:15:01<2:30:06, 158.01s/it, loss=0.625]
Epoch [1/30]:  48%|████▊     | 53/110 [2:17:40<2:30:06, 158.01s/it, loss=0.625]
Epoch [1/30]:  48%|████▊     | 53/110 [2:17:40<2:30:06, 158.01s/it, loss=0.555]
Epoch [1/30]:  49%|████▉     | 54/110 [2:17:40<2:27:44, 158.30s/it, loss=0.555]
Epoch [1/30]:  49%|████▉     | 54/110 [2:20:32<2:27:44, 158.30s/it, loss=0.555]
Epoch [1/30]:  49%|████▉     | 54/110 [2:20:32<2:27:44, 158.30s/it, loss=0.548]
Epoch [1/30]:  50%|█████     | 55/110 [2:20:32<2:29:01, 162.57s/it, loss=0.548]
Epoch [1/30]:  50%|█████     | 55/110 [2:23:02<2:29:01, 162.57s/it, loss=0.548]
Epoch [1/30]:  50%|█████     | 55/110 [2:23:02<2:29:01, 162.57s/it, loss=0.532]
Epoch [1/30]:  51%|█████     | 56/110 [2:23:02<2:22:43, 158.58s/it, loss=0.532]
Epoch [1/30]:  51%|█████     | 56/110 [2:25:28<2:22:43, 158.58s/it, loss=0.532]
Epoch [1/30]:  51%|█████     | 56/110 [2:25:28<2:22:43, 158.58s/it, loss=0.601]
Epoch [1/30]:  52%|█████▏    | 57/110 [2:25:28<2:16:46, 154.83s/it, loss=0.601]
Epoch [1/30]:  52%|█████▏    | 57/110 [2:27:51<2:16:46, 154.83s/it, loss=0.601]
Epoch [1/30]:  52%|█████▏    | 57/110 [2:27:51<2:16:46, 154.83s/it, loss=0.556]
Epoch [1/30]:  53%|█████▎    | 58/110 [2:27:51<2:11:02, 151.21s/it, loss=0.556]
Epoch [1/30]:  53%|█████▎    | 58/110 [2:30:12<2:11:02, 151.21s/it, loss=0.556]
Epoch [1/30]:  53%|█████▎    | 58/110 [2:30:12<2:11:02, 151.21s/it, loss=0.578]
Epoch [1/30]:  54%|█████▎    | 59/110 [2:30:12<2:06:00, 148.25s/it, loss=0.578]
Epoch [1/30]:  54%|█████▎    | 59/110 [2:32:26<2:06:00, 148.25s/it, loss=0.578]
Epoch [1/30]:  54%|█████▎    | 59/110 [2:32:26<2:06:00, 148.25s/it, loss=0.579]
Epoch [1/30]:  55%|█████▍    | 60/110 [2:32:26<2:00:02, 144.04s/it, loss=0.579]
Epoch [1/30]:  55%|█████▍    | 60/110 [2:34:42<2:00:02, 144.04s/it, loss=0.579]
Epoch [1/30]:  55%|█████▍    | 60/110 [2:34:42<2:00:02, 144.04s/it, loss=0.525]
Epoch [1/30]:  55%|█████▌    | 61/110 [2:34:42<1:55:41, 141.67s/it, loss=0.525]
Epoch [1/30]:  55%|█████▌    | 61/110 [2:36:51<1:55:41, 141.67s/it, loss=0.525]
Epoch [1/30]:  55%|█████▌    | 61/110 [2:36:51<1:55:41, 141.67s/it, loss=0.47] 
Epoch [1/30]:  56%|█████▋    | 62/110 [2:36:51<1:50:19, 137.92s/it, loss=0.47]
Epoch [1/30]:  56%|█████▋    | 62/110 [2:38:56<1:50:19, 137.92s/it, loss=0.47]
Epoch [1/30]:  56%|█████▋    | 62/110 [2:38:56<1:50:19, 137.92s/it, loss=0.524]
Epoch [1/30]:  57%|█████▋    | 63/110 [2:38:56<1:44:57, 133.98s/it, loss=0.524]